[2026-03-16T09:46:55.993Z] ERREUR: Failed to parse body as FormData.
STACK: TypeError: Failed to parse body as FormData.
    at parsingError (node:internal/deps/undici/undici:6590:14)
    at multipartFormDataParser (node:internal/deps/undici/undici:6362:19)
    at node:internal/deps/undici/undici:6855:34
    at successSteps (node:internal/deps/undici/undici:6902:27)
    at readAllBytes (node:internal/deps/undici/undici:5825:13)
    at process.processTicksAndRejections (node:internal/process/task_queues:104:5)

[2026-03-16T09:46:58.363Z] ERREUR: Failed to parse body as FormData.
STACK: TypeError: Failed to parse body as FormData.
    at parsingError (node:internal/deps/undici/undici:6590:14)
    at multipartFormDataParser (node:internal/deps/undici/undici:6362:19)
    at node:internal/deps/undici/undici:6855:34
    at successSteps (node:internal/deps/undici/undici:6902:27)
    at readAllBytes (node:internal/deps/undici/undici:5825:13)
    at process.processTicksAndRejections (node:internal/process/task_queues:104:5)

[2026-03-16T09:49:33.079Z] ERREUR: Failed to parse body as FormData.
STACK: TypeError: Failed to parse body as FormData.
    at parsingError (node:internal/deps/undici/undici:6590:14)
    at multipartFormDataParser (node:internal/deps/undici/undici:6362:19)
    at node:internal/deps/undici/undici:6855:34
    at successSteps (node:internal/deps/undici/undici:6902:27)
    at readAllBytes (node:internal/deps/undici/undici:5825:13)
    at process.processTicksAndRejections (node:internal/process/task_queues:104:5)

[2026-03-16T09:49:40.081Z] ERREUR: Failed to parse body as FormData.
STACK: TypeError: Failed to parse body as FormData.
    at parsingError (node:internal/deps/undici/undici:6590:14)
    at multipartFormDataParser (node:internal/deps/undici/undici:6362:19)
    at node:internal/deps/undici/undici:6855:34
    at successSteps (node:internal/deps/undici/undici:6902:27)
    at readAllBytes (node:internal/deps/undici/undici:5825:13)
    at process.processTicksAndRejections (node:internal/process/task_queues:104:5)

[2026-03-16T09:53:00.681Z] ERREUR: Failed to parse body as FormData.
STACK: TypeError: Failed to parse body as FormData.
    at parsingError (node:internal/deps/undici/undici:6590:14)
    at multipartFormDataParser (node:internal/deps/undici/undici:6362:19)
    at node:internal/deps/undici/undici:6855:34
    at successSteps (node:internal/deps/undici/undici:6902:27)
    at readAllBytes (node:internal/deps/undici/undici:5825:13)
    at process.processTicksAndRejections (node:internal/process/task_queues:104:5)

[2026-03-16T09:53:03.781Z] ERREUR: Failed to parse body as FormData.
STACK: TypeError: Failed to parse body as FormData.
    at parsingError (node:internal/deps/undici/undici:6590:14)
    at multipartFormDataParser (node:internal/deps/undici/undici:6362:19)
    at node:internal/deps/undici/undici:6855:34
    at successSteps (node:internal/deps/undici/undici:6902:27)
    at readAllBytes (node:internal/deps/undici/undici:5825:13)
    at process.processTicksAndRejections (node:internal/process/task_queues:104:5)

[2026-03-16T09:56:12.268Z] ERREUR: Failed to parse body as FormData.
STACK: TypeError: Failed to parse body as FormData.
    at parsingError (node:internal/deps/undici/undici:6590:14)
    at multipartFormDataParser (node:internal/deps/undici/undici:6362:19)
    at node:internal/deps/undici/undici:6855:34
    at successSteps (node:internal/deps/undici/undici:6902:27)
    at readAllBytes (node:internal/deps/undici/undici:5825:13)
    at process.processTicksAndRejections (node:internal/process/task_queues:104:5)

[2026-03-16T09:56:14.196Z] ERREUR: Failed to parse body as FormData.
STACK: TypeError: Failed to parse body as FormData.
    at parsingError (node:internal/deps/undici/undici:6590:14)
    at multipartFormDataParser (node:internal/deps/undici/undici:6362:19)
    at node:internal/deps/undici/undici:6855:34
    at successSteps (node:internal/deps/undici/undici:6902:27)
    at readAllBytes (node:internal/deps/undici/undici:5825:13)
    at process.processTicksAndRejections (node:internal/process/task_queues:104:5)

[2026-03-16T09:56:57.181Z] ERREUR: Failed to parse body as FormData.
STACK: TypeError: Failed to parse body as FormData.
    at parsingError (node:internal/deps/undici/undici:6590:14)
    at multipartFormDataParser (node:internal/deps/undici/undici:6362:19)
    at node:internal/deps/undici/undici:6855:34
    at successSteps (node:internal/deps/undici/undici:6902:27)
    at readAllBytes (node:internal/deps/undici/undici:5825:13)
    at process.processTicksAndRejections (node:internal/process/task_queues:104:5)

[2026-03-16T09:56:59.510Z] ERREUR: Failed to parse body as FormData.
STACK: TypeError: Failed to parse body as FormData.
    at parsingError (node:internal/deps/undici/undici:6590:14)
    at multipartFormDataParser (node:internal/deps/undici/undici:6362:19)
    at node:internal/deps/undici/undici:6855:34
    at successSteps (node:internal/deps/undici/undici:6902:27)
    at readAllBytes (node:internal/deps/undici/undici:5825:13)
    at process.processTicksAndRejections (node:internal/process/task_queues:104:5)

[2026-03-16T09:59:21.886Z] ERREUR: Failed to parse body as FormData.
STACK: TypeError: Failed to parse body as FormData.
    at parsingError (node:internal/deps/undici/undici:6590:14)
    at multipartFormDataParser (node:internal/deps/undici/undici:6362:19)
    at node:internal/deps/undici/undici:6855:34
    at successSteps (node:internal/deps/undici/undici:6902:27)
    at readAllBytes (node:internal/deps/undici/undici:5825:13)
    at process.processTicksAndRejections (node:internal/process/task_queues:104:5)

[2026-03-16T10:05:54.926Z] ERREUR: Failed to parse body as FormData.
STACK: TypeError: Failed to parse body as FormData.
    at parsingError (node:internal/deps/undici/undici:6590:14)
    at multipartFormDataParser (node:internal/deps/undici/undici:6362:19)
    at node:internal/deps/undici/undici:6855:34
    at successSteps (node:internal/deps/undici/undici:6902:27)
    at readAllBytes (node:internal/deps/undici/undici:5825:13)
    at process.processTicksAndRejections (node:internal/process/task_queues:104:5)

[2026-03-16T10:06:18.245Z] ERREUR: Failed to parse body as FormData.
STACK: TypeError: Failed to parse body as FormData.
    at parsingError (node:internal/deps/undici/undici:6590:14)
    at multipartFormDataParser (node:internal/deps/undici/undici:6362:19)
    at node:internal/deps/undici/undici:6855:34
    at successSteps (node:internal/deps/undici/undici:6902:27)
    at readAllBytes (node:internal/deps/undici/undici:5825:13)
    at process.processTicksAndRejections (node:internal/process/task_queues:104:5)

